[29-Mar-2016 13:31:01 UTC] PHP Warning:  mysqli_fetch_array() expects parameter 1 to be mysqli_result, boolean given in /home/u174683815/public_html/novo_site/pt/joeliniadmin/funcoes.php on line 795
[29-Mar-2016 15:43:04 UTC] PHP Warning:  mysqli_connect(): (HY000/2013): Lost connection to MySQL server at 'reading authorization packet', system error: 0 &quot;Internal error/check (Not system error)&quot; in /home/u174683815/public_html/novo_site/pt/joeliniadmin/funcoes.php on line 160
[29-Mar-2016 15:43:04 UTC] PHP Warning:  mysqli_query() expects parameter 1 to be mysqli, boolean given in /home/u174683815/public_html/novo_site/pt/joeliniadmin/funcoes.php on line 162
[29-Mar-2016 15:44:58 UTC] PHP Warning:  mysqli_connect(): (HY000/2013): Lost connection to MySQL server at 'reading initial communication packet', system error: 104 &quot;Connection reset by peer&quot; in /home/u174683815/public_html/novo_site/pt/joeliniadmin/funcoes.php on line 160
[29-Mar-2016 15:44:58 UTC] PHP Warning:  mysqli_query() expects parameter 1 to be mysqli, boolean given in /home/u174683815/public_html/novo_site/pt/joeliniadmin/funcoes.php on line 162
[29-Mar-2016 18:12:23 UTC] PHP Warning:  move_uploaded_file(uehuifheuwhfifpeufhaewufhuaefeuhfe645386573-5692iyfghysfgsiy/IMG_20160329_144057723.jpg): failed to open stream: No such file or directory in /home/u174683815/public_html/novo_site/pt/contato.php on line 143
[29-Mar-2016 18:12:23 UTC] PHP Warning:  move_uploaded_file(): Unable to move '/tmp/phpLHyQ8M' to 'uehuifheuwhfifpeufhaewufhuaefeuhfe645386573-5692iyfghysfgsiy/IMG_20160329_144057723.jpg' in /home/u174683815/public_html/novo_site/pt/contato.php on line 143
[29-Mar-2016 20:31:51 UTC] PHP Warning:  mysqli_connect(): (HY000/2005): Unknown MySQL server host 'mysql.onda.com.br' (-2) in /home/u174683815/public_html/novo_site/pt/joeliniadmin/funcoes.php on line 1107
[29-Mar-2016 20:31:51 UTC] PHP Warning:  mysqli_query() expects parameter 1 to be mysqli, boolean given in /home/u174683815/public_html/novo_site/pt/joeliniadmin/funcoes.php on line 1109
[29-Mar-2016 20:31:51 UTC] PHP Warning:  mysqli_fetch_array() expects parameter 1 to be mysqli_result, null given in /home/u174683815/public_html/novo_site/pt/joeliniadmin/funcoes.php on line 1111
[29-Mar-2016 20:31:51 UTC] PHP Warning:  mysqli_close() expects parameter 1 to be mysqli, boolean given in /home/u174683815/public_html/novo_site/pt/joeliniadmin/funcoes.php on line 1123
[30-Mar-2016 00:27:18 UTC] PHP Warning:  mysqli_connect(): (HY000/2003): Can't connect to MySQL server on 'mysql.onda.com.br' (110 &quot;Connection timed out&quot;) in /home/u174683815/public_html/novo_site/pt/joeliniadmin/funcao_adicionar_banner.php on line 172
[30-Mar-2016 00:27:18 UTC] PHP Warning:  mysqli_query() expects parameter 1 to be mysqli, boolean given in /home/u174683815/public_html/novo_site/pt/joeliniadmin/funcao_adicionar_banner.php on line 174
[31-Mar-2016 18:59:39 UTC] PHP Warning:  move_uploaded_file(uehuifheuwhfifpeufhaewufhuaefeuhfe645386573-5692iyfghysfgsiy/CURRICULUMVITAEOSNEI1.doc): failed to open stream: No such file or directory in /home/u174683815/public_html/novo_site/pt/contato.php on line 143
[31-Mar-2016 18:59:39 UTC] PHP Warning:  move_uploaded_file(): Unable to move '/tmp/phpdK6JGH' to 'uehuifheuwhfifpeufhaewufhuaefeuhfe645386573-5692iyfghysfgsiy/CURRICULUMVITAEOSNEI1.doc' in /home/u174683815/public_html/novo_site/pt/contato.php on line 143
[31-Mar-2016 19:01:30 UTC] PHP Warning:  move_uploaded_file(uehuifheuwhfifpeufhaewufhuaefeuhfe645386573-5692iyfghysfgsiy/CURRICULUMVITAEOSNEI1.doc): failed to open stream: No such file or directory in /home/u174683815/public_html/novo_site/pt/contato.php on line 143
[31-Mar-2016 19:01:30 UTC] PHP Warning:  move_uploaded_file(): Unable to move '/tmp/php8jLp0V' to 'uehuifheuwhfifpeufhaewufhuaefeuhfe645386573-5692iyfghysfgsiy/CURRICULUMVITAEOSNEI1.doc' in /home/u174683815/public_html/novo_site/pt/contato.php on line 143
[31-Mar-2016 21:10:56 UTC] PHP Fatal error:  Class 'Illuminate\Foundation\Testing\TestCase' not found in /home/u174683815/public_html/v1/tests/TestCase.php on line 4
[01-Apr-2016 11:24:34 UTC] PHP Fatal error:  Class 'Illuminate\Console\Command' not found in /home/u174683815/public_html/v1/app/Console/Commands/Inspire.php on line 9
[01-Apr-2016 11:24:43 UTC] PHP Fatal error:  Class 'Illuminate\Foundation\Auth\User' not found in /home/u174683815/public_html/v1/app/User.php on line 8
